<?xml version="1.0" encoding="UTF-8"?>
<!-- Generated by org.testng.reporters.JUnitReportReporter -->
<testsuite skipped="0" hostname="SABAREESH-PC" name="scripts.Regression" tests="1" failures="0" timestamp="2020-04-19T18:29:48 IST" time="32.695" errors="0">
  <testcase name="verifyInvalidLogin" time="32.695" classname="scripts.Regression"/>
</testsuite> <!-- scripts.Regression -->
