<?xml version="1.0" encoding="UTF-8"?>
<!-- Generated by org.testng.reporters.JUnitReportReporter -->
<testsuite skipped="0" hostname="SABAREESH-PC" name="scripts.Regression" tests="1" failures="0" timestamp="2020-04-21T22:22:37 IST" time="41.038" errors="0">
  <testcase name="verifyUserIsAbleToUpdateAreasInAreaPage" time="41.038" classname="scripts.Regression"/>
</testsuite> <!-- scripts.Regression -->
